To https://github.com/luckyhao0630/tokensave.git
   54eb28e..51768e2  main -> main
[2026-06-09 19:01:47] === MediaKit 自动化工作流启动 ===
[2026-06-09 19:01:47] 🔄 检查缺失的前端页面...
[2026-06-09 19:01:47] ✅ background_removal 页面已存在
[2026-06-09 19:01:47] ✅ video_download 页面已存在
[2026-06-09 19:01:47] 🔄 提交代码变更...
[2026-06-09 19:01:49] ✅ 代码已提交到 GitHub
[2026-06-09 19:01:49] === 工作流完成 ===
To https://github.com/luckyhao0630/tokensave.git
   a7c96f3..11977cc  main -> main
[2026-06-09 19:31:50] === MediaKit 自动化工作流启动 ===
[2026-06-09 19:31:50] 🔄 检查缺失的前端页面...
[2026-06-09 19:31:50] ✅ background_removal 页面已存在
[2026-06-09 19:31:50] ✅ video_download 页面已存在
[2026-06-09 19:31:50] 🔄 提交代码变更...
[2026-06-09 19:31:52] ✅ 代码已提交到 GitHub
[2026-06-09 19:31:52] === 工作流完成 ===
To https://github.com/luckyhao0630/tokensave.git
   75dc2d3..621a4e4  main -> main
[2026-06-09 20:02:08] === MediaKit 自动化工作流启动 ===
[2026-06-09 20:02:08] 🔄 检查缺失的前端页面...
[2026-06-09 20:02:08] ✅ background_removal 页面已存在
[2026-06-09 20:02:08] ✅ video_download 页面已存在
[2026-06-09 20:02:08] 🔄 提交代码变更...
[2026-06-09 20:02:10] ✅ 代码已提交到 GitHub
[2026-06-09 20:02:10] === 工作流完成 ===
[2026-06-09 20:32:22] === MediaKit 自动化工作流启动 ===
[2026-06-09 20:32:22] 🔄 检查缺失的前端页面...
[2026-06-09 20:32:22] ✅ background_removal 页面已存在
[2026-06-09 20:32:22] ✅ video_download 页面已存在
[2026-06-09 20:32:22] 🔄 提交代码变更...
[2026-06-09 20:33:22] ❌ 提交失败: Command '['git', 'push', 'origin', 'main']' timed out after 59.99993162 seconds
[2026-06-09 20:33:22] === 工作流完成 ===
fatal: unable to access 'https://github.com/luckyhao0630/tokensave.git/': Recv failure: Operation timed out
[2026-06-09 21:03:38] === MediaKit 自动化工作流启动 ===
[2026-06-09 21:03:38] 🔄 检查缺失的前端页面...
[2026-06-09 21:03:38] ✅ background_removal 页面已存在
[2026-06-09 21:03:38] ✅ video_download 页面已存在
[2026-06-09 21:03:38] 🔄 提交代码变更...
[2026-06-09 21:04:39] ❌ 提交失败: Command '['git', 'push', 'origin', 'main']' timed out after 59.999913004999996 seconds
[2026-06-09 21:04:39] === 工作流完成 ===
fatal: unable to access 'https://github.com/luckyhao0630/tokensave.git/': Recv failure: Operation timed out
To https://github.com/luckyhao0630/tokensave.git
   9aab990..ae3cd60  main -> main
[2026-06-09 21:34:58] === MediaKit 自动化工作流启动 ===
[2026-06-09 21:34:58] 🔄 检查缺失的前端页面...
[2026-06-09 21:34:58] ✅ background_removal 页面已存在
[2026-06-09 21:34:58] ✅ video_download 页面已存在
[2026-06-09 21:34:58] 🔄 提交代码变更...
[2026-06-09 21:35:03] ✅ 代码已提交到 GitHub
[2026-06-09 21:35:03] === 工作流完成 ===
