Tue Jun  9 20:44:49 CST 2026 - 开始自检

> frontend@0.1.0 build
> next build

▲ Next.js 16.2.7 (Turbopack)
- Environments: .env.local

  Creating an optimized production build ...
✓ Compiled successfully in 3.5s
  Running TypeScript ...
  Finished TypeScript in 4.4s ...
  Collecting page data using 7 workers ...
  Generating static pages using 7 workers (0/21) ...
  Generating static pages using 7 workers (5/21) 
  Generating static pages using 7 workers (10/21) 
  Generating static pages using 7 workers (15/21) 
✓ Generating static pages using 7 workers (21/21) in 457ms
  Finalizing page optimization ...

Route (app)
┌ ○ /
├ ○ /_not-found
├ ○ /admin
├ ○ /admin/login
├ ○ /contact
├ ○ /dashboard
├ ○ /docs
├ ○ /guide
├ ○ /login
├ ○ /pricing
├ ○ /privacy
├ ○ /profile
├ ○ /refund
├ ○ /register
├ ○ /terms
├ ○ /tools/asr
├ ○ /tools/background_removal
├ ○ /tools/video_download
└ ○ /tools/vocal_split


○  (Static)  prerendered as static content

